2022-09-16 12:54:50.390 [main] INFO  ds.algo.testcases.TestRegister - BeforeClass Executing
2022-09-16 12:54:53.845 [main] INFO  ds.algo.testcases.TestRegister - BeforeClass Executing
2022-09-16 12:54:55.113 [main] INFO  ds.algo.testcases.TestRegister - Succesfully open ApplicationsofBinarytrees
2022-09-16 12:54:58.789 [main] INFO  ds.algo.testcases.TestRegister - BeforeClass Executing
2022-09-16 12:55:06.884 [main] INFO  ds.algo.testcases.TestRegister - BeforeClass Executing
2022-09-16 12:55:09.199 [main] INFO  ds.algo.testcases.TestRegister - Succesfully open BinarySearchTrees
2022-09-16 12:55:12.971 [main] INFO  ds.algo.testcases.TestRegister - BeforeClass Executing
2022-09-16 12:55:18.068 [main] INFO  ds.algo.testcases.TestRegister - BeforeClass Executing
2022-09-16 12:55:19.318 [main] INFO  ds.algo.testcases.TestRegister - Succesfully open BinaryTreeTraversals
2022-09-16 12:55:22.975 [main] INFO  ds.algo.testcases.TestRegister - BeforeClass Executing
2022-09-16 12:55:28.122 [main] INFO  ds.algo.testcases.TestRegister - BeforeClass Executing
2022-09-16 12:55:29.510 [main] INFO  ds.algo.testcases.TestRegister - Succesfully open  TestBinaryTrees
2022-09-16 12:55:33.237 [main] INFO  ds.algo.testcases.TestRegister - BeforeClass Executing
2022-09-16 12:55:38.794 [main] INFO  ds.algo.testcases.TestRegister - BeforeClass Executing
2022-09-16 12:55:41.139 [main] INFO  ds.algo.testcases.TestRegister - Succesfully open OverviewOfTreeTryHere
2022-09-16 12:55:44.625 [main] INFO  ds.algo.testcases.TestRegister - BeforeClass Executing
2022-09-16 12:55:45.614 [main] INFO  ds.algo.testcases.TestRegister - Clicking Run Tab 
2022-09-16 12:55:49.076 [main] INFO  ds.algo.testcases.TestRegister - BeforeClass Executing
2022-09-16 12:55:49.896 [main] INFO  ds.algo.testcases.TestRegister - Succesfully open ImplementationOfBST
2022-09-16 12:55:53.540 [main] INFO  ds.algo.testcases.TestRegister - BeforeClass Executing
2022-09-16 12:55:55.869 [main] INFO  ds.algo.testcases.TestRegister - Clicking ImplementationOfBSTTryHere
2022-09-16 12:55:59.275 [main] INFO  ds.algo.testcases.TestRegister - BeforeClass Executing
2022-09-16 12:56:00.214 [main] INFO  ds.algo.testcases.TestRegister - Succesfully open ImplementationinPython
2022-09-16 12:56:03.674 [main] INFO  ds.algo.testcases.TestRegister - BeforeClass Executing
2022-09-16 12:56:04.919 [main] INFO  ds.algo.testcases.TestRegister - Clicking ImplementationinPythonTryHere
2022-09-16 12:56:08.345 [main] INFO  ds.algo.testcases.TestRegister - BeforeClass Executing
2022-09-16 12:56:09.139 [main] INFO  ds.algo.testcases.TestRegister - Succesfully open ImplementationofBinaryTrees
2022-09-16 12:56:12.533 [main] INFO  ds.algo.testcases.TestRegister - BeforeClass Executing
2022-09-16 12:56:13.757 [main] INFO  ds.algo.testcases.TestRegister - Clicking ImplementationofBinaryTreesTryHere
2022-09-16 12:56:17.183 [main] INFO  ds.algo.testcases.TestRegister - BeforeClass Executing
2022-09-16 12:56:18.007 [main] INFO  ds.algo.testcases.TestRegister - Succesfully open Overview of Trees
2022-09-16 12:56:21.590 [main] INFO  ds.algo.testcases.TestRegister - BeforeClass Executing
2022-09-16 12:56:22.319 [main] INFO  ds.algo.testcases.TestRegister - Succesfully open PracticeQuestions
2022-09-16 12:56:25.728 [main] INFO  ds.algo.testcases.TestRegister - BeforeClass Executing
2022-09-16 12:56:26.449 [main] INFO  ds.algo.testcases.TestRegister - Succesfully open Test Terminologies
2022-09-16 12:56:30.085 [main] INFO  ds.algo.testcases.TestRegister - BeforeClass Executing
2022-09-16 12:56:34.797 [main] INFO  ds.algo.testcases.TestRegister - BeforeClass Executing
2022-09-16 12:56:35.696 [main] INFO  ds.algo.testcases.TestRegister - Succesfully open Traversal
2022-09-16 12:56:39.101 [main] INFO  ds.algo.testcases.TestRegister - BeforeClass Executing
2022-09-16 12:56:43.768 [main] INFO  ds.algo.testcases.TestRegister - BeforeClass Executing
2022-09-16 12:56:45.048 [main] INFO  ds.algo.testcases.TestRegister - Succesfully open TraversalsIllustration
2022-09-16 12:56:48.475 [main] INFO  ds.algo.testcases.TestRegister - BeforeClass Executing
2022-09-16 12:56:53.113 [main] INFO  ds.algo.testcases.TestRegister - BeforeClass Executing
2022-09-16 12:56:53.407 [main] INFO  ds.algo.testcases.TestRegister - Tree Get Started Succesfully
2022-09-16 12:56:56.835 [main] INFO  ds.algo.testcases.TestRegister - BeforeClass Executing
2022-09-16 12:56:58.215 [main] INFO  ds.algo.testcases.TestRegister - Succesfully open TypesOfBinaryTrees
2022-09-16 12:57:01.890 [main] INFO  ds.algo.testcases.TestRegister - BeforeClass Executing
2022-09-16 12:57:06.595 [main] INFO  ds.algo.testcases.TestRegister - BeforeClass Executing
2022-09-16 12:57:07.284 [main] INFO  ds.algo.testcases.TestRegister - Succesfully open TypesOfTree
2022-09-16 12:57:10.952 [main] INFO  ds.algo.testcases.TestRegister - BeforeClass Executing
